[debug] [2018-09-30T11:59:30.366Z] ----------------------------------------------------------------------
[debug] [2018-09-30T11:59:30.369Z] Command:       /Users/Chin/.nvm/versions/node/v9.2.1/bin/node /Users/Chin/.nvm/versions/node/v9.2.1/bin/firebase deploy --only functions --project mangarizer-949e1
[debug] [2018-09-30T11:59:30.369Z] CLI Version:   4.2.1
[debug] [2018-09-30T11:59:30.369Z] Platform:      darwin
[debug] [2018-09-30T11:59:30.369Z] Node Version:  v9.2.1
[debug] [2018-09-30T11:59:30.369Z] Time:          Sun Sep 30 2018 18:59:30 GMT+0700 (+07)
[debug] [2018-09-30T11:59:30.369Z] ----------------------------------------------------------------------
[debug] 
[debug] [2018-09-30T11:59:30.387Z] > command requires scopes: ["email","openid","https://www.googleapis.com/auth/cloudplatformprojects.readonly","https://www.googleapis.com/auth/firebase","https://www.googleapis.com/auth/cloud-platform"]
[debug] [2018-09-30T11:59:30.387Z] > authorizing via signed-in user
[debug] [2018-09-30T11:59:30.389Z] >>> HTTP REQUEST GET https://admin.firebase.com/v1/projects/mangarizer-949e1  
 
[debug] [2018-09-30T11:59:31.769Z] <<< HTTP RESPONSE 200
[info] 
[info] === Deploying to 'mangarizer-949e1'...
[info] 
[info] i  deploying functions
[debug] [2018-09-30T11:59:32.015Z] TypeError [ERR_INVALID_ARG_TYPE]: The "path" argument must be of type string
    at assertPath (path.js:28:11)
    at Object.join (path.js:1249:7)
    at Config.path (/Users/Chin/.nvm/versions/node/v9.2.1/lib/node_modules/firebase-tools/lib/config.js:166:37)
    at /Users/Chin/.nvm/versions/node/v9.2.1/lib/node_modules/firebase-tools/lib/deploy/lifecycleHooks.js:68:38
    at _chain (/Users/Chin/.nvm/versions/node/v9.2.1/lib/node_modules/firebase-tools/lib/deploy/index.js:26:38)
    at deploy (/Users/Chin/.nvm/versions/node/v9.2.1/lib/node_modules/firebase-tools/lib/deploy/index.js:81:10)
    at Command._action (/Users/Chin/.nvm/versions/node/v9.2.1/lib/node_modules/firebase-tools/commands/deploy.js:53:12)
    at /Users/Chin/.nvm/versions/node/v9.2.1/lib/node_modules/firebase-tools/lib/command.js:202:29
    at <anonymous>
    at process._tickDomainCallback (internal/process/next_tick.js:228:7)
[error] 
[error] Error: An unexpected error has occurred.
[debug] [2018-09-30T12:01:35.922Z] ----------------------------------------------------------------------
[debug] [2018-09-30T12:01:35.925Z] Command:       /Users/Chin/.nvm/versions/node/v9.2.1/bin/node /Users/Chin/.nvm/versions/node/v9.2.1/bin/firebase deploy --project mangarizer-949e1
[debug] [2018-09-30T12:01:35.925Z] CLI Version:   4.2.1
[debug] [2018-09-30T12:01:35.925Z] Platform:      darwin
[debug] [2018-09-30T12:01:35.925Z] Node Version:  v9.2.1
[debug] [2018-09-30T12:01:35.926Z] Time:          Sun Sep 30 2018 19:01:35 GMT+0700 (+07)
[debug] [2018-09-30T12:01:35.926Z] ----------------------------------------------------------------------
[debug] 
[debug] [2018-09-30T12:01:35.941Z] > command requires scopes: ["email","openid","https://www.googleapis.com/auth/cloudplatformprojects.readonly","https://www.googleapis.com/auth/firebase","https://www.googleapis.com/auth/cloud-platform"]
[debug] [2018-09-30T12:01:35.941Z] > authorizing via signed-in user
[debug] [2018-09-30T12:01:35.943Z] >>> HTTP REQUEST GET https://admin.firebase.com/v1/projects/mangarizer-949e1  
 
[debug] [2018-09-30T12:01:37.258Z] <<< HTTP RESPONSE 200
[info] 
[info] === Deploying to 'mangarizer-949e1'...
[info] 
[info] i  deploying functions, hosting
[debug] [2018-09-30T12:01:37.492Z] TypeError [ERR_INVALID_ARG_TYPE]: The "path" argument must be of type string
    at assertPath (path.js:28:11)
    at Object.join (path.js:1249:7)
    at Config.path (/Users/Chin/.nvm/versions/node/v9.2.1/lib/node_modules/firebase-tools/lib/config.js:166:37)
    at /Users/Chin/.nvm/versions/node/v9.2.1/lib/node_modules/firebase-tools/lib/deploy/lifecycleHooks.js:68:38
    at _chain (/Users/Chin/.nvm/versions/node/v9.2.1/lib/node_modules/firebase-tools/lib/deploy/index.js:26:38)
    at deploy (/Users/Chin/.nvm/versions/node/v9.2.1/lib/node_modules/firebase-tools/lib/deploy/index.js:81:10)
    at Command._action (/Users/Chin/.nvm/versions/node/v9.2.1/lib/node_modules/firebase-tools/commands/deploy.js:53:12)
    at /Users/Chin/.nvm/versions/node/v9.2.1/lib/node_modules/firebase-tools/lib/command.js:202:29
    at <anonymous>
    at process._tickDomainCallback (internal/process/next_tick.js:228:7)
[error] 
[error] Error: An unexpected error has occurred.
[debug] [2018-09-30T12:03:23.013Z] ----------------------------------------------------------------------
[debug] [2018-09-30T12:03:23.016Z] Command:       /Users/Chin/.nvm/versions/node/v9.2.1/bin/node /Users/Chin/.nvm/versions/node/v9.2.1/bin/firebase deploy --project mangarizer-949e1
[debug] [2018-09-30T12:03:23.016Z] CLI Version:   4.2.1
[debug] [2018-09-30T12:03:23.016Z] Platform:      darwin
[debug] [2018-09-30T12:03:23.016Z] Node Version:  v9.2.1
[debug] [2018-09-30T12:03:23.017Z] Time:          Sun Sep 30 2018 19:03:23 GMT+0700 (+07)
[debug] [2018-09-30T12:03:23.017Z] ----------------------------------------------------------------------
[debug] 
[debug] [2018-09-30T12:03:23.027Z] > command requires scopes: ["email","openid","https://www.googleapis.com/auth/cloudplatformprojects.readonly","https://www.googleapis.com/auth/firebase","https://www.googleapis.com/auth/cloud-platform"]
[debug] [2018-09-30T12:03:23.027Z] > authorizing via signed-in user
[debug] [2018-09-30T12:03:23.029Z] >>> HTTP REQUEST GET https://admin.firebase.com/v1/projects/mangarizer-949e1  
 
[debug] [2018-09-30T12:03:24.400Z] <<< HTTP RESPONSE 200
[info] 
[info] === Deploying to 'mangarizer-949e1'...
[info] 
[info] i  deploying functions, hosting
[debug] [2018-09-30T12:03:24.666Z] TypeError [ERR_INVALID_ARG_TYPE]: The "path" argument must be of type string
    at assertPath (path.js:28:11)
    at Object.join (path.js:1249:7)
    at Config.path (/Users/Chin/.nvm/versions/node/v9.2.1/lib/node_modules/firebase-tools/lib/config.js:166:37)
    at /Users/Chin/.nvm/versions/node/v9.2.1/lib/node_modules/firebase-tools/lib/deploy/lifecycleHooks.js:68:38
    at _chain (/Users/Chin/.nvm/versions/node/v9.2.1/lib/node_modules/firebase-tools/lib/deploy/index.js:26:38)
    at deploy (/Users/Chin/.nvm/versions/node/v9.2.1/lib/node_modules/firebase-tools/lib/deploy/index.js:81:10)
    at Command._action (/Users/Chin/.nvm/versions/node/v9.2.1/lib/node_modules/firebase-tools/commands/deploy.js:53:12)
    at /Users/Chin/.nvm/versions/node/v9.2.1/lib/node_modules/firebase-tools/lib/command.js:202:29
    at <anonymous>
    at process._tickDomainCallback (internal/process/next_tick.js:228:7)
[error] 
[error] Error: An unexpected error has occurred.
